<?xml version="1.0" encoding="UTF-8"?>
<testng-results ignored="0" total="1" passed="1" failed="0" skipped="0">
  <reporter-output>
  </reporter-output>
  <suite started-at="2023-10-02T00:59:20 IST" name="Suite" finished-at="2023-10-02T00:59:38 IST" duration-ms="18401">
    <groups>
    </groups>
    <test started-at="2023-10-02T00:59:20 IST" name="NewTest" finished-at="2023-10-02T00:59:38 IST" duration-ms="18401">
      <class name="testing.NewTest">
        <test-method signature="fiirsttest(java.lang.String)[pri:0, instance:testing.NewTest@8f2ef19]" started-at="2023-10-02T00:59:20 IST" name="fiirsttest" finished-at="2023-10-02T00:59:38 IST" duration-ms="18222" status="PASS">
          <params>
            <param index="0">
              <value>
                <![CDATA[https://www.hyrtutorials.com/p/add-padding-to-containers.html]]>
              </value>
            </param>
          </params>
          <reporter-output>
          </reporter-output>
        </test-method> <!-- fiirsttest -->
      </class> <!-- testing.NewTest -->
    </test> <!-- NewTest -->
  </suite> <!-- Suite -->
</testng-results>
